[31mERROR[39m: comment validation failed: text: Path `text` is required.
[34mERROR[39m: Error connecting to database: The `uri` parameter to `openUri()` must be a string, got "undefined". Make sure the first parameter to `mongoose.connect()` or `mongoose.createConnection()` is a string.
[34mERROR[39m: Error connecting to database: The `uri` parameter to `openUri()` must be a string, got "undefined". Make sure the first parameter to `mongoose.connect()` or `mongoose.createConnection()` is a string.
[31mERROR[39m: comment validation failed: text: Path `text` is required.
[31mERROR[39m: comment validation failed: pid: Cast to ObjectId failed for value "65da1155e16954daasff09fff" (type string) at path "pid" because of "BSONError"
[31mERROR[39m: logger.error is not a function
[31mERROR[39m: winston.error is not a function
[31mERROR[39m: Este es un mensaje de error
[31mERROR[39m: winston.WARN is not a function
[31mERROR[39m: Este es un mensaje de error
[31mERROR[39m: This is an error message
[31mERROR[39m: This is an error message
[31mERROR[39m: Cannot read properties of undefined (reading 'equals')
[31mERROR[39m: Cannot read properties of undefined (reading 'equals')
[31mERROR[39m: Cannot read properties of undefined (reading 'toString')
[31mERROR[39m: Cannot read properties of undefined (reading 'equals')
[31mERROR[39m: Cannot read properties of undefined (reading 'toString')
[31mERROR[39m: Cannot read properties of undefined (reading 'toString')
[31mERROR[39m: this.services.changeUserRole is not a function
[31mERROR[39m: this.repository.changeUserRole is not a function
[31mERROR[39m: Cannot destructure property 'filter' of 'undefined' as it is undefined.
[31mERROR[39m: req is not defined
[31mERROR[39m: Cannot read properties of undefined (reading 'equals')
[31mERROR[39m: this.service.readWithAggregation is not a function
[31mERROR[39m: Product is not defined
[31mERROR[39m: Cannot read properties of undefined (reading 'find')
[31mERROR[39m: Cannot read properties of undefined (reading 'find')
[31mERROR[39m: Cannot read properties of undefined (reading 'find')
[31mERROR[39m: Cannot read properties of undefined (reading 'find')
[31mERROR[39m: Cannot read properties of undefined (reading 'find')
[31mERROR[39m: Cannot destructure property 'filter' of 'undefined' as it is undefined.
[31mERROR[39m: Cannot destructure property 'filter' of 'undefined' as it is undefined.
[31mERROR[39m: products validation failed: uid: Path `uid` is required.
[31mERROR[39m: products validation failed: uid: Path `uid` is required.
[31mERROR[39m: products validation failed: uid: Path `uid` is required.
[31mERROR[39m: products validation failed: uid: Path `uid` is required.
[31mERROR[39m: Class constructor ObjectId cannot be invoked without 'new'
[34mERROR[39m: Error connecting to database: querySrv ECONNREFUSED _mongodb._tcp.gabriela.hvaffst.mongodb.net
[31mERROR[39m: role is not defined
[31mERROR[39m: data and salt arguments required
[31mERROR[39m: data and salt arguments required
[31mERROR[39m: data and salt arguments required
[31mERROR[39m: data and salt arguments required
[31mERROR[39m: data and salt arguments required
[31mERROR[39m: data and salt arguments required
[31mERROR[39m: data and salt arguments required
[31mERROR[39m: data and salt arguments required
[31mERROR[39m: data and salt arguments required
[31mERROR[39m: data and salt arguments required
[31mERROR[39m: data and salt arguments required
[31mERROR[39m: data and salt arguments required
[31mERROR[39m: data and salt arguments required
[31mERROR[39m: data and salt arguments required
[31mERROR[39m: data and salt arguments required
[31mERROR[39m: data and salt arguments required
[31mERROR[39m: data and salt arguments required
[31mERROR[39m: data and salt arguments required
[31mERROR[39m: Password is required
[31mERROR[39m: Password is required
[31mERROR[39m: Password is required
[31mERROR[39m: Password is required
[31mERROR[39m: data and salt arguments required
[31mERROR[39m: data and salt arguments required
[31mERROR[39m: data and salt arguments required
[31mERROR[39m: data and salt arguments required
[31mERROR[39m: data and salt arguments required
[31mERROR[39m: data and salt arguments required
[31mERROR[39m: data and salt arguments required
[31mERROR[39m: Cast to ObjectId failed for value "null" (type string) at path "_id" for model "products"
[31mERROR[39m: orders is not iterable
[31mERROR[39m: Cast to ObjectId failed for value "undefined" (type string) at path "_id" for model "products"
[31mERROR[39m: Cast to ObjectId failed for value "null" (type string) at path "_id" for model "products"
[31mERROR[39m: productService is not defined
[31mERROR[39m: Product is not defined
[31mERROR[39m: Cannot read properties of undefined (reading 'equals')
[31mERROR[39m: error is not defined
[31mERROR[39m: error is not defined
[31mERROR[39m: user is not defined
[31mERROR[39m: Cannot read properties of undefined (reading 'role')
[31mERROR[39m: Cannot read properties of undefined (reading 'role')
[31mERROR[39m: productsServices.getProductById is not a function
[31mERROR[39m: id is not defined
[31mERROR[39m: id is not defined
[31mERROR[39m: productsServices is not defined
[31mERROR[39m: Cannot destructure property 'uid' of 'filter' as it is undefined.
[31mERROR[39m: Cannot destructure property 'uid' of 'filter' as it is undefined.
[31mERROR[39m: Cannot destructure property 'uid' of 'filter' as it is undefined.
[31mERROR[39m: User ID is required for fetching carts.
[31mERROR[39m: User ID is required for fetching carts.
[31mERROR[39m: User ID is required for fetching carts.
[31mERROR[39m: User ID is required for fetching carts.
[31mERROR[39m: User ID is required for fetching carts.
[31mERROR[39m: User ID is required for fetching carts.
[31mERROR[39m: Cast to embedded failed for value "{ pid: 'productId1', quantity: 2 }" (type Object) at path "products" because of "CastError"
[31mERROR[39m: Cast to embedded failed for value "{ pid: 'productId1', quantity: 2 }" (type Object) at path "products" because of "CastError"
[31mERROR[39m: TicketService.getActiveTicketByUser is not a function
[31mERROR[39m: E11000 duplicate key error collection: -dev.carts index: uid_1 dup key: { uid: ObjectId('65e353ab967a5c2dac21f36b') }
[31mERROR[39m: E11000 duplicate key error collection: -dev.carts index: uid_1 dup key: { uid: ObjectId('65e353ab967a5c2dac21f36b') }
[31mERROR[39m: E11000 duplicate key error collection: -dev.carts index: uid_1 dup key: { uid: ObjectId('6637e30a021a52438b178563') }
[31mERROR[39m: Cannot read properties of undefined (reading 'findIndex')
[31mERROR[39m: E11000 duplicate key error collection: -dev.carts index: uid_1 dup key: { uid: ObjectId('6637e30a021a52438b178563') }
[31mERROR[39m: createHash is not defined
[31mERROR[39m: createHash is not defined
[31mERROR[39m: data and salt arguments required
[31mERROR[39m: data and salt arguments required
[31mERROR[39m: Cannot destructure property 'userId' of 'req.user' as it is undefined.
[31mERROR[39m: Cannot destructure property 'userId' of 'req.user' as it is undefined.
[31mERROR[39m: Cannot read properties of undefined (reading '_id')
[31mERROR[39m: Cannot read properties of undefined (reading 'uid')
[31mERROR[39m: Cannot destructure property 'uid' of 'req.user' as it is undefined.
[31mERROR[39m: userService is not defined
[31mERROR[39m: userService is not defined
[31mERROR[39m: service.updatePassword is not a function
[31mERROR[39m: Cast to ObjectId failed for value "gabrielacunarro@gmail.com" (type string) at path "_id" for model "users"
[31mERROR[39m: Cast to ObjectId failed for value "hola12345" (type string) at path "_id" for model "users"
[31mERROR[39m: this.service.updatePassword is not a function
[31mERROR[39m: this.service.updatePassword is not a function
[31mERROR[39m: this.service.updatePassword is not a function
[31mERROR[39m: Cast to ObjectId failed for value "gabrielacunarro@gmail.com" (type string) at path "_id" for model "users"
[31mERROR[39m: Cast to ObjectId failed for value "hola12345" (type string) at path "_id" for model "users"
[31mERROR[39m: password is not defined
[31mERROR[39m: this.service.newPassword is not a function
[31mERROR[39m: this.service.newPassword is not a function
[31mERROR[39m: this.service.newPassword is not a function
[31mERROR[39m: this.service.newPassword is not a function
[31mERROR[39m: User not found.
[31mERROR[39m: User not found.
[31mERROR[39m: User not found.
[31mERROR[39m: this.service.updatePassword is not a function
[31mERROR[39m: this.service.newPassword is not a function
[31mERROR[39m: this.service.newPassword is not a function
[31mERROR[39m: this.service.newPassword is not a function
[31mERROR[39m: this.service.newPassword is not a function
[31mERROR[39m: Cast to ObjectId failed for value "gabrielacunarro@gmail.com" (type string) at path "_id" for model "users"
[31mERROR[39m: this.service.newPassword is not a function
[31mERROR[39m: bcrypt is not defined
[31mERROR[39m: bcrypt is not defined
[31mERROR[39m: data and hash arguments required
[31mERROR[39m: data and hash arguments required
[31mERROR[39m: data and hash arguments required
[31mERROR[39m: data and hash arguments required
[31mERROR[39m: data and hash arguments required
[31mERROR[39m: data and hash arguments required
[31mERROR[39m: oldPassword is not defined
[31mERROR[39m: orders validation failed: uid: Path `uid` is required.
[31mERROR[39m: orders validation failed: uid: Path `uid` is required.
[31mERROR[39m: ticketService is not defined
[31mERROR[39m: ticketService is not defined
[31mERROR[39m: ticketId is not defined
[31mERROR[39m: tickets validation failed: orderId: Path `orderId` is required., user: Path `user` is required.
[31mERROR[39m: tickets validation failed: orderId: Path `orderId` is required., user: Path `user` is required.
[31mERROR[39m: tickets validation failed: orderId: Path `orderId` is required., user: Path `user` is required.
[31mERROR[39m: tickets validation failed: orderId: Path `orderId` is required., user: Path `user` is required.
[31mERROR[39m: tickets validation failed: orderId: Path `orderId` is required., user: Path `user` is required.
[31mERROR[39m: tickets validation failed: orderId: Path `orderId` is required.
[31mERROR[39m: tickets validation failed: oid: Path `oid` is required.
[31mERROR[39m: tickets validation failed: oid: Path `oid` is required., user: Path `user` is required.
[31mERROR[39m: tickets validation failed: oid: Path `oid` is required.
[31mERROR[39m: tickets validation failed: oid: Path `oid` is required.
[31mERROR[39m: tickets validation failed: oid: Path `oid` is required.
[31mERROR[39m: Cast to ObjectId failed for value "{ oid: '07a36b6c192add018c094e1a' }" (type Object) at path "_id" for model "tickets"
[31mERROR[39m: this.service.readOneByOrderId is not a function
[31mERROR[39m: id is not defined
[31mERROR[39m: Cast to ObjectId failed for value "{ oid: '07a36b6c192add018c094e1a' }" (type Object) at path "_id" for model "tickets"
[31mERROR[39m: Cast to ObjectId failed for value "{ oid: '07a36b6c192add018c094e1a' }" (type Object) at path "_id" for model "tickets"
[31mERROR[39m: Cast to ObjectId failed for value "{ oid: '07a36b6c192add018c094e1a' }" (type Object) at path "_id" for model "tickets"
[31mERROR[39m: Cast to ObjectId failed for value "{ oid: '07a36b6c192add018c094e1a' }" (type Object) at path "_id" for model "tickets"
[31mERROR[39m: Cast to ObjectId failed for value "{ oid: undefined }" (type Object) at path "_id" for model "tickets"
[31mERROR[39m: Cast to ObjectId failed for value "{ oid: '07a36b6c192add018c094e1a' }" (type Object) at path "_id" for model "tickets"
[31mERROR[39m: Cast to ObjectId failed for value "{ oid: undefined }" (type Object) at path "_id" for model "tickets"
[31mERROR[39m: Cast to ObjectId failed for value "{ oid: '07a36b6c192add018c094e1a' }" (type Object) at path "_id" for model "tickets"
[31mERROR[39m: Cast to ObjectId failed for value "{ oid: '07a36b6c192add018c094e1a' }" (type Object) at path "_id" for model "tickets"
[31mERROR[39m: Cast to ObjectId failed for value "{ oid: '07a36b6c192add018c094e1a' }" (type Object) at path "_id" for model "tickets"
[31mERROR[39m: Cast to ObjectId failed for value "{ oid: '07a36b6c192add018c094e1a' }" (type Object) at path "_id" for model "tickets"
[31mERROR[39m: Cast to ObjectId failed for value "{ oid: '07a36b6c192add018c094e1a' }" (type Object) at path "_id" for model "tickets"
[31mERROR[39m: Cast to ObjectId failed for value "{ oid: undefined }" (type Object) at path "_id" for model "tickets"
[31mERROR[39m: Cast to ObjectId failed for value "{ oid: '07a36b6c192add018c094e1a' }" (type Object) at path "_id" for model "tickets"
[31mERROR[39m: Cast to ObjectId failed for value "{ orderId: '07a36b6c192add018c094e1a' }" (type Object) at path "_id" for model "tickets"
[31mERROR[39m: this.service.findOne is not a function
[31mERROR[39m: Cast to ObjectId failed for value "{ oid: '07a36b6c192add018c094e1a' }" (type Object) at path "_id" for model "tickets"
[31mERROR[39m: Cast to ObjectId failed for value "{ oid: '07a36b6c192add018c094e1a' }" (type Object) at path "_id" for model "tickets"
[31mERROR[39m: Cast to ObjectId failed for value "{ oid: '07a36b6c192add018c094e1a' }" (type Object) at path "_id" for model "tickets"
[31mERROR[39m: Cast to ObjectId failed for value "{ oid: '07a36b6c192add018c094e1a' }" (type Object) at path "_id" for model "tickets"
[31mERROR[39m: mongoose is not defined
[31mERROR[39m: Class constructor ObjectId cannot be invoked without 'new'
[31mERROR[39m: Cast to ObjectId failed for value "{ oid: new ObjectId('07a36b6c192add018c094e1a') }" (type Object) at path "_id" for model "tickets"
[31mERROR[39m: Cast to ObjectId failed for value "{ oid: new ObjectId('07a36b6c192add018c094e1a') }" (type Object) at path "_id" for model "tickets"
[31mERROR[39m: Cast to ObjectId failed for value "{ oid: '07a36b6c192add018c094e1a' }" (type Object) at path "_id" for model "tickets"
[31mERROR[39m: _id is not defined
[31mERROR[39m: Cast to ObjectId failed for value "{ oid: '07a36b6c192add018c094e1a' }" (type Object) at path "_id" for model "Ticket"
[31mERROR[39m: Cast to ObjectId failed for value "{ oid: '07a36b6c192add018c094e1a' }" (type Object) at path "_id" for model "Ticket"
[31mERROR[39m: Cast to ObjectId failed for value "{ oid: '07a36b6c192add018c094e1a' }" (type Object) at path "_id" for model "Ticket"
[31mERROR[39m: Cast to ObjectId failed for value "{ oid: '07a36b6c192add018c094e1a' }" (type Object) at path "_id" for model "Ticket"
[31mERROR[39m: Cast to ObjectId failed for value "{ oid: '07a36b6c192add018c094e1a' }" (type Object) at path "_id" for model "Ticket"
[31mERROR[39m: Ticket validation failed: oid: Path `oid` is required.
[31mERROR[39m: Ticket validation failed: oid: Path `oid` is required.
[31mERROR[39m: oid is not defined
[31mERROR[39m: Cast to ObjectId failed for value "{ oid: { oid: '07a36b6c192add018c094e1a' } }" (type Object) at path "_id" for model "Ticket"
[31mERROR[39m: Cast to ObjectId failed for value "{ oid: '07a36b6c192add018c094e1a' }" (type Object) at path "_id" for model "Ticket"
[31mERROR[39m: Cast to ObjectId failed for value "{ oid: '07a36b6c192add018c094e1a' }" (type Object) at path "_id" for model "Ticket"
[31mERROR[39m: this.model.find is not a function
[31mERROR[39m: this.service.find is not a function
[31mERROR[39m: createdTicket is not defined
[31mERROR[39m: this.model.readByEmail is not a function
[31mERROR[39m: this.model.readByEmail is not a function
[31mERROR[39m: this.model.readByEmail is not a function
[31mERROR[39m: this.model.readByEmail is not a function
[31mERROR[39m: this.model.readByEmail is not a function
[31mERROR[39m: this.model.readByEmail is not a function
[31mERROR[39m: this.model.readByEmail is not a function
[31mERROR[39m: log is not defined
[31mERROR[39m: res.error201 is not a function
[31mERROR[39m: Cannot destructure property 'filter' of 'undefined' as it is undefined.
